Active-HDL 12.0.118.7745 2022-04-24 22:03:21

Elaboration top modules:
VHDL Configuration            testbench_for_ht4


----------------------------------------------------------------------------------------------
Entity   | Architecture    | Library | Info | Compiler Version          | Compilation Options
----------------------------------------------------------------------------------------------
ht4_tb   | TB_ARCHITECTURE | HT4     |      | 12.0.118.7745 (Windows64) | -O3
HT4      | HT4             | HT4     |      | 12.0.118.7745 (Windows64) | -O3
----------------------------------------------------------------------------------------------

----------------------------------------------------------------------------------------------
VHDL Configuration         | Library | Info | Compiler Version          | Compilation Options
----------------------------------------------------------------------------------------------
testbench_for_ht4          | HT4     |      |                           | <unavailable>
----------------------------------------------------------------------------------------------

----------------------------------------------------------------------------------------------
VHDL Package               | Library | Info | Compiler Version          | Compilation Options
----------------------------------------------------------------------------------------------
standard                   | std     |      |                           | <unavailable>
TEXTIO                     | std     |      |                           | <unavailable>
std_logic_1164             | ieee    |      |                           | <unavailable>
----------------------------------------------------------------------------------------------

----------------------------------------------------------------------------------------------
Library                    | Comment
----------------------------------------------------------------------------------------------
HT4                        | None
ieee                       | Standard IEEE packages library
std                        | Standard VHDL library
----------------------------------------------------------------------------------------------


Simulation Options: asim +access +r TESTBENCH_FOR_ht4

